<?xml version="1.0" encoding="UTF-8"?>
<!-- Generated by org.testng.reporters.JUnitReportReporter -->
<testsuite hostname="DESKTOP-KVIHP7V" failures="0" tests="1" name="test.com.itexps.GoogleTest" time="3.559" errors="0" timestamp="23 Nov 2024 22:13:50 GMT">
  <testcase classname="test.com.itexps.GoogleTest" name="testGoogle" time="3.559"/>
</testsuite> <!-- test.com.itexps.GoogleTest -->
